2021-05-06 07:57:13,753 django.security.DisallowedHost ERROR    Invalid HTTP_HOST header: 'www.google.com'. You may need to add 'www.google.com' to ALLOWED_HOSTS.
2021-05-06 07:57:13,807 django.request WARNING  Bad Request: /
2021-05-06 07:59:13,333 django.security.DisallowedHost ERROR    Invalid HTTP_HOST header: 'www.google.com'. You may need to add 'www.google.com' to ALLOWED_HOSTS.
2021-05-06 07:59:13,367 django.request WARNING  Bad Request: /
2021-05-06 08:02:54,535 django.security.DisallowedHost ERROR    Invalid HTTP_HOST header: 'www.google.com'. You may need to add 'www.google.com' to ALLOWED_HOSTS.
2021-05-06 08:02:54,555 django.request WARNING  Bad Request: /
2021-05-06 12:03:13,112 django.request WARNING  Not Found: /portal/redlion
2021-05-06 12:25:42,736 django.request WARNING  Not Found: /.env
2021-05-06 13:20:13,155 django.security.csrf WARNING  Forbidden (CSRF cookie not set.): /
2021-05-06 15:52:11,140 django.security.DisallowedHost ERROR    Invalid HTTP_HOST header: '_'. The domain name provided is not valid according to RFC 1034/1035.
2021-05-06 15:52:11,171 django.request WARNING  Bad Request: /setup.cgi
2021-05-06 16:54:12,789 django.security.csrf WARNING  Forbidden (CSRF cookie not set.): /
2021-05-06 18:10:52,465 django.request WARNING  Not Found: /.env
2021-05-06 21:21:54,697 django.request WARNING  Not Found: /webfig/
2021-05-06 22:44:59,393 django.request WARNING  Not Found: /config/getuser
2021-05-06 23:23:38,345 django.security.csrf WARNING  Forbidden (CSRF cookie not set.): /
2021-05-06 23:49:20,162 django.request WARNING  Not Found: /boaform/admin/formLogin
2021-05-07 01:47:05,766 django.request WARNING  Not Found: /console/
2021-05-07 01:47:05,857 django.request WARNING  Not Found: /Autodiscover/Autodiscover.xml
2021-05-07 01:47:05,948 django.request WARNING  Not Found: /api/jsonws/invoke
2021-05-07 02:01:32,698 django.request WARNING  Not Found: /TP/public/index.php
2021-05-07 02:01:34,086 django.request WARNING  Not Found: /public/index.php
2021-05-07 02:01:34,792 django.request WARNING  Not Found: /elrekt.php
2021-05-07 03:33:05,305 django.security.csrf WARNING  Forbidden (CSRF cookie not set.): /
2021-05-07 06:51:44,186 django.request WARNING  Not Found: /uHTL
2021-05-07 09:48:52,624 django.request WARNING  Not Found: /robots.txt
2021-05-07 10:41:32,168 django.request WARNING  Not Found: /vendor/phpunit/phpunit/src/Util/PHP/eval-stdin.php
2021-05-07 13:19:53,167 django.request WARNING  Not Found: /.env
2021-05-07 15:03:42,176 django.request WARNING  Not Found: /boaform/admin/formLogin
2021-05-07 17:37:41,769 django.request WARNING  Not Found: /vendor/phpunit/phpunit/src/Util/PHP/eval-stdin.php
2021-05-07 17:37:42,393 django.request WARNING  Not Found: /solr/admin/info/system
2021-05-07 17:37:42,504 django.request WARNING  Not Found: /_ignition/execute-solution
2021-05-07 18:10:47,470 django.request WARNING  Not Found: /favicon.ico
2021-05-07 18:22:35,707 django.request WARNING  Not Found: /favicon.ico
2021-05-07 20:36:27,094 django.request WARNING  Not Found: /manager/text/list
2021-05-08 05:51:05,101 django.security.csrf WARNING  Forbidden (CSRF cookie not set.): /
2021-05-08 06:32:38,212 django.request WARNING  Not Found: /wp-content/
2021-05-08 07:50:36,773 django.request WARNING  Not Found: /.env
2021-05-08 10:27:01,861 django.request WARNING  Not Found: /TP/index.php
2021-05-08 10:27:02,949 django.request WARNING  Not Found: /html/public/index.php
2021-05-08 10:27:04,577 django.request WARNING  Not Found: /elrekt.php
2021-05-08 11:55:25,570 django.request WARNING  Not Found: /_ignition/execute-solution
2021-05-08 11:55:26,453 django.request WARNING  Not Found: /jenkins/login
2021-05-08 12:19:47,988 django.security.DisallowedHost ERROR    Invalid HTTP_HOST header: '_'. The domain name provided is not valid according to RFC 1034/1035.
2021-05-08 12:19:48,008 django.request WARNING  Bad Request: /setup.cgi
2021-05-08 12:55:55,183 django.request WARNING  Not Found: /config/getuser
2021-05-08 13:32:16,044 django.security.DisallowedHost ERROR    Invalid HTTP_HOST header: 'localhost'. You may need to add 'localhost' to ALLOWED_HOSTS.
2021-05-08 13:32:16,063 django.request WARNING  Bad Request: /
2021-05-08 14:26:10,246 django.request WARNING  Not Found: /solr/admin/info/system
2021-05-08 14:26:10,429 django.request WARNING  Not Found: /vendor/phpunit/phpunit/src/Util/PHP/eval-stdin.php
2021-05-08 14:26:10,666 django.request WARNING  Not Found: /index.php
2021-05-08 20:30:44,326 django.request WARNING  Not Found: /GponForm/diag_Form
2021-05-08 22:28:48,019 django.security.DisallowedHost ERROR    Invalid HTTP_HOST header: '_'. The domain name provided is not valid according to RFC 1034/1035.
2021-05-08 22:28:48,040 django.request WARNING  Bad Request: /setup.cgi
2021-05-09 03:41:59,575 django.request WARNING  Not Found: /.env
2021-05-09 03:42:58,097 django.security.csrf WARNING  Forbidden (CSRF cookie not set.): /
2021-05-09 06:26:27,774 django.request WARNING  Not Found: /vendor/phpunit/phpunit/src/Util/PHP/eval-stdin.php
2021-05-09 06:26:28,251 django.request WARNING  Not Found: /wp-content/plugins/wp-file-manager/readme.txt
2021-05-09 06:26:28,537 django.request WARNING  Not Found: /_ignition/execute-solution
2021-05-09 06:26:28,682 django.request WARNING  Not Found: /vendor/phpunit/phpunit/src/Util/PHP/eval-stdin.php
2021-05-09 08:21:00,077 django.request WARNING  Not Found: /phpMyAdmin/scripts/setup.php
2021-05-09 10:27:30,180 django.request WARNING  Not Found: /pma/scripts/setup.php
2021-05-09 12:31:17,149 django.request WARNING  Not Found: /actuator/health
2021-05-09 13:01:11,520 django.request WARNING  Not Found: /.env
2021-05-09 13:01:11,662 django.security.csrf WARNING  Forbidden (CSRF cookie not set.): /
2021-05-09 13:25:09,924 django.request WARNING  Not Found: /.env
2021-05-09 13:25:10,269 django.security.csrf WARNING  Forbidden (CSRF cookie not set.): /
2021-05-09 13:40:33,048 django.request WARNING  Not Found: /hudson
2021-05-09 15:34:23,087 django.security.DisallowedHost ERROR    Invalid HTTP_HOST header: '_'. The domain name provided is not valid according to RFC 1034/1035.
2021-05-09 15:34:23,131 django.request WARNING  Bad Request: /cgi-bin/kerbynet
2021-05-09 15:34:24,079 django.security.DisallowedHost ERROR    Invalid HTTP_HOST header: '_'. The domain name provided is not valid according to RFC 1034/1035.
2021-05-09 15:34:24,099 django.request WARNING  Bad Request: /cgi-bin/kerbynet
2021-05-09 15:59:42,793 django.security.DisallowedHost ERROR    Invalid HTTP_HOST header: '_'. The domain name provided is not valid according to RFC 1034/1035.
2021-05-09 15:59:42,813 django.request WARNING  Bad Request: /
2021-05-09 16:58:12,840 django.request WARNING  Not Found: /.env
2021-05-09 16:58:13,042 django.security.csrf WARNING  Forbidden (CSRF cookie not set.): /
2021-05-09 18:57:08,098 django.request WARNING  Not Found: /.env
2021-05-09 18:57:11,944 django.security.csrf WARNING  Forbidden (CSRF cookie not set.): /
2021-05-09 18:57:17,011 django.security.csrf WARNING  Forbidden (CSRF cookie not set.): /
2021-05-09 18:57:21,890 django.request WARNING  Not Found: /app/.env
2021-05-09 18:57:26,787 django.security.csrf WARNING  Forbidden (CSRF cookie not set.): /
2021-05-09 18:57:35,987 django.security.csrf WARNING  Forbidden (CSRF cookie not set.): /
2021-05-09 19:31:32,274 django.request WARNING  Not Found: /_ignition/execute-solution
2021-05-09 20:34:31,172 django.request WARNING  Not Found: /boaform/admin/formLogin
2021-05-09 21:14:07,833 django.security.DisallowedHost ERROR    Invalid HTTP_HOST header: '_'. The domain name provided is not valid according to RFC 1034/1035.
2021-05-09 21:14:07,853 django.request WARNING  Bad Request: /cgi-bin/kerbynet
2021-05-09 21:35:11,424 django.security.DisallowedHost ERROR    Invalid HTTP_HOST header: '_'. The domain name provided is not valid according to RFC 1034/1035.
2021-05-09 21:35:11,444 django.request WARNING  Bad Request: /cgi-bin/kerbynet
2021-05-09 21:58:55,838 django.request WARNING  Not Found: /api/jsonws/invoke
2021-05-09 21:58:55,840 django.request WARNING  Not Found: /vendor/phpunit/phpunit/src/Util/PHP/eval-stdin.php
2021-05-09 21:58:55,924 django.request WARNING  Not Found: /vendor/phpunit/phpunit/src/Util/PHP/eval-stdin.php
2021-05-09 21:58:56,001 django.request WARNING  Not Found: /index.php
2021-05-09 21:58:56,092 django.request WARNING  Not Found: /console/
2021-05-09 21:58:56,183 django.request WARNING  Not Found: /wp-content/plugins/wp-file-manager/readme.txt
2021-05-09 21:58:56,269 django.request WARNING  Not Found: /_ignition/execute-solution
2021-05-09 22:51:01,267 django.request WARNING  Not Found: /.env
2021-05-09 22:52:22,818 django.request WARNING  Not Found: /Adminf98063a7/Login.php
2021-05-09 22:52:23,625 django.request WARNING  Not Found: /phpinfo.php
2021-05-09 22:52:23,953 django.request WARNING  Not Found: /test.php
2021-05-09 22:52:24,614 django.request WARNING  Not Found: /bbs.php
2021-05-09 22:52:24,944 django.request WARNING  Not Found: /forum.php
2021-05-09 22:52:25,598 django.request WARNING  Not Found: /bbs/index.php
2021-05-09 22:52:25,956 django.request WARNING  Not Found: /forum/index.php
2021-05-09 22:52:26,639 django.request WARNING  Not Found: /ajax/render/widget_tabbedcontainer_tab_panel
2021-05-09 22:52:26,980 django.request WARNING  Not Found: /bbs/ajax/render/widget_tabbedcontainer_tab_panel
2021-05-09 22:52:27,635 django.request WARNING  Not Found: /forums/ajax/render/widget_tabbedcontainer_tab_panel
2021-05-09 22:52:27,961 django.request WARNING  Not Found: /cgi-bin/php
2021-05-09 22:52:28,611 django.request WARNING  Not Found: /cgi-bin/php-cgi
2021-05-09 22:52:28,934 django.request WARNING  Not Found: /cgi-bin/php.cgi
2021-05-09 22:52:29,256 django.request WARNING  Not Found: /cgi-bin/php4
2021-05-09 22:52:29,925 django.request WARNING  Not Found: /webdav/
2021-05-09 22:52:30,271 django.request WARNING  Not Found: /ispirit/im/upload.php
2021-05-09 22:52:33,934 django.request WARNING  Not Found: /_query.php
2021-05-09 22:52:34,275 django.request WARNING  Not Found: /test.php
2021-05-09 22:52:34,937 django.request WARNING  Not Found: /db_pma.php
2021-05-09 22:52:35,271 django.request WARNING  Not Found: /logon.php
2021-05-09 22:52:35,913 django.request WARNING  Not Found: /license.php
2021-05-09 22:52:36,236 django.request WARNING  Not Found: /log.php
2021-05-09 22:52:36,563 django.request WARNING  Not Found: /hell.php
2021-05-09 22:52:37,211 django.request WARNING  Not Found: /x.php
2021-05-09 22:52:40,870 django.request WARNING  Not Found: /b.php
2021-05-09 22:52:41,211 django.request WARNING  Not Found: /sane.php
2021-05-09 22:52:41,880 django.request WARNING  Not Found: /z.php
2021-05-09 22:52:42,214 django.request WARNING  Not Found: /lala.php
2021-05-09 22:52:45,872 django.request WARNING  Not Found: /wpo.php
2021-05-09 22:52:46,213 django.request WARNING  Not Found: /t6nv.php
2021-05-09 22:52:46,874 django.request WARNING  Not Found: /text.php
2021-05-09 22:52:47,200 django.request WARNING  Not Found: /wp-config.php
2021-05-09 22:52:47,865 django.request WARNING  Not Found: /muhstik2.php
2021-05-09 22:52:48,189 django.request WARNING  Not Found: /muhstiks.php
2021-05-09 22:52:48,843 django.request WARNING  Not Found: /lol.php
2021-05-09 22:52:49,169 django.request WARNING  Not Found: /uploader.php
2021-05-09 22:52:49,492 django.request WARNING  Not Found: /cmd.php
2021-05-09 22:52:53,176 django.request WARNING  Not Found: /knal.php
2021-05-09 22:52:53,510 django.request WARNING  Not Found: /cmd.php
2021-05-09 22:52:53,839 django.request WARNING  Not Found: /shell.php
2021-05-09 22:52:54,164 django.request WARNING  Not Found: /appserv.php
2021-05-09 22:52:54,819 django.request WARNING  Not Found: /phpmyadmin/scripts/setup.php
2021-05-09 22:52:55,153 django.request WARNING  Not Found: /phpMyAdmin/scripts/setup.php
2021-05-09 22:52:55,812 django.request WARNING  Not Found: /phpmyadmin/scripts/db___.init.php
2021-05-09 22:52:56,137 django.request WARNING  Not Found: /phpMyAdmin/scripts/db___.init.php
2021-05-09 22:52:56,791 django.request WARNING  Not Found: /PMA/scripts/setup.php
2021-05-09 22:52:57,132 django.request WARNING  Not Found: /myadmin/scripts/setup.php
2021-05-09 22:52:57,821 django.request WARNING  Not Found: /pma/scripts/db___.init.php
2021-05-09 22:52:58,141 django.request WARNING  Not Found: /PMA/scripts/db___.init.php
2021-05-09 22:53:01,828 django.request WARNING  Not Found: /plugins/weathermap/editor.php
2021-05-09 22:53:02,158 django.request WARNING  Not Found: /cacti/plugins/weathermap/editor.php
2021-05-09 22:53:02,804 django.request WARNING  Not Found: /index.php
2021-05-09 22:53:03,128 django.request WARNING  Not Found: /elrekt.php
2021-05-09 22:53:03,768 django.request WARNING  Not Found: /index.php/module/action/param1/${@die(md5(HelloThinkPHP))}
2021-05-09 22:53:04,089 django.request WARNING  Not Found: /index.php
2021-05-09 22:53:04,735 django.request WARNING  Not Found: /joomla/
2021-05-09 22:53:05,057 django.request WARNING  Not Found: /Joomla/
2021-05-09 22:53:05,552 django.request WARNING  Not Found: /d7.php
2021-05-09 22:53:05,878 django.request WARNING  Not Found: /rxr.php
2021-05-09 22:53:06,548 django.request WARNING  Not Found: /home.php
2021-05-09 22:53:06,870 django.request WARNING  Not Found: /undx.php
2021-05-09 22:53:07,192 django.request WARNING  Not Found: /spider.php
2021-05-09 22:53:07,847 django.request WARNING  Not Found: /composers.php
2021-05-09 22:53:08,190 django.request WARNING  Not Found: /izom.php
2021-05-09 22:53:08,839 django.request WARNING  Not Found: /hue2.php
2021-05-09 22:53:09,165 django.request WARNING  Not Found: /Drupal.php
2021-05-09 22:53:09,835 django.request WARNING  Not Found: /izom.php
2021-05-09 22:53:10,159 django.request WARNING  Not Found: /payload.php
2021-05-09 22:53:10,805 django.request WARNING  Not Found: /images/!.php
2021-05-09 22:53:11,127 django.request WARNING  Not Found: /images/vuln.php
2021-05-09 22:53:11,816 django.request WARNING  Not Found: /images/up.php
2021-05-09 22:53:12,142 django.request WARNING  Not Found: /images/attari.php
2021-05-09 22:53:12,790 django.request WARNING  Not Found: /images/stories/cmd.php
2021-05-09 22:53:13,115 django.request WARNING  Not Found: /images/stories/filemga.php
2021-05-09 22:53:14,313 django.request WARNING  Not Found: /laravel.php
2021-05-09 22:53:15,464 django.request WARNING  Not Found: /yu.php
2021-05-09 22:53:15,785 django.request WARNING  Not Found: /floaw.php
2021-05-09 22:53:16,439 django.request WARNING  Not Found: /doudou.php
2021-05-09 22:53:16,765 django.request WARNING  Not Found: /mjx.php
2021-05-09 22:53:17,105 django.request WARNING  Not Found: /xiaoxia.php
2021-05-09 22:53:17,750 django.request WARNING  Not Found: /zz.php
2021-05-09 22:53:18,072 django.request WARNING  Not Found: /coonig.php
2021-05-09 22:53:21,774 django.request WARNING  Not Found: /hhhhhh.php
2021-05-09 22:53:22,101 django.request WARNING  Not Found: /meijianxue.php
2021-05-09 22:53:22,766 django.request WARNING  Not Found: /python.php
2021-05-09 22:53:23,090 django.request WARNING  Not Found: /woshimengmei.php
2021-05-09 22:53:23,735 django.request WARNING  Not Found: /taisui.php
2021-05-09 22:53:24,061 django.request WARNING  Not Found: /xiaxia.php
2021-05-09 22:53:24,708 django.request WARNING  Not Found: /xsser.php
2021-05-09 22:53:25,048 django.request WARNING  Not Found: /zzz.php
2021-05-09 22:53:25,703 django.request WARNING  Not Found: /dp.php
2021-05-09 22:53:26,023 django.request WARNING  Not Found: /hs.php
2021-05-09 22:53:27,193 django.request WARNING  Not Found: /haiyan.php
2021-05-09 22:53:30,853 django.request WARNING  Not Found: /5678.php
2021-05-09 22:53:31,200 django.request WARNING  Not Found: /root11.php
2021-05-09 22:53:31,853 django.request WARNING  Not Found: /wp-content/plugins/wp-file-manager/readme.txt
2021-05-09 22:53:32,178 django.request WARNING  Not Found: /wordpress/wp-content/plugins/wp-file-manager/readme.txt
2021-05-09 22:53:32,513 django.request WARNING  Not Found: /WordPress/wp-content/plugins/wp-file-manager/readme.txt
2021-05-09 22:53:33,183 django.request WARNING  Not Found: /WP/wp-content/plugins/wp-file-manager/readme.txt
2021-05-09 22:53:33,515 django.request WARNING  Not Found: /cms/wp-content/plugins/wp-file-manager/readme.txt
2021-05-09 22:53:34,178 django.request WARNING  Not Found: /Blog/wp-content/plugins/wp-file-manager/readme.txt
2021-05-09 22:53:37,502 django.request WARNING  Not Found: /demo/wp-content/plugins/wp-file-manager/readme.txt
2021-05-09 22:53:37,848 django.request WARNING  Not Found: /site/wp-content/plugins/wp-file-manager/readme.txt
2021-05-09 22:53:38,513 django.request WARNING  Not Found: /backup/wp-content/plugins/wp-file-manager/readme.txt
2021-05-09 22:53:38,839 django.request WARNING  Not Found: /templates.php
2021-05-09 22:53:39,990 django.request WARNING  Not Found: /shell.php
2021-05-09 22:53:40,317 django.request WARNING  Not Found: /expsky.php
2021-05-09 22:53:40,983 django.request WARNING  Not Found: /hello.php
2021-05-09 22:53:41,319 django.request WARNING  Not Found: /wuwu11.php
2021-05-09 22:53:41,974 django.request WARNING  Not Found: /xw1.php
2021-05-09 22:53:46,646 django.request WARNING  Not Found: /xx.php
2021-05-09 22:53:50,964 django.request WARNING  Not Found: /s.php
2021-05-09 22:53:51,614 django.request WARNING  Not Found: /sheep.php
2021-05-09 22:53:51,944 django.request WARNING  Not Found: /qaq.php
2021-05-09 22:53:52,588 django.request WARNING  Not Found: /qq.php
2021-05-09 22:53:52,926 django.request WARNING  Not Found: /aaa.php
2021-05-09 22:53:53,272 django.request WARNING  Not Found: /hhh.php
2021-05-09 22:53:53,594 django.request WARNING  Not Found: /jjj.php
2021-05-09 22:53:54,781 django.request WARNING  Not Found: /www.php
2021-05-09 22:53:55,117 django.request WARNING  Not Found: /ffr.php
2021-05-09 22:53:55,784 django.request WARNING  Not Found: /415.php
2021-05-09 22:53:56,113 django.request WARNING  Not Found: /421.php
2021-05-09 22:53:56,766 django.request WARNING  Not Found: /a411.php
2021-05-09 22:53:57,089 django.request WARNING  Not Found: /whoami.php
2021-05-09 22:53:57,744 django.request WARNING  Not Found: /9.php
2021-05-09 22:53:58,070 django.request WARNING  Not Found: /98k.php
2021-05-09 22:53:58,715 django.request WARNING  Not Found: /887.php
2021-05-09 22:53:59,037 django.request WARNING  Not Found: /888.php
2021-05-09 22:53:59,717 django.request WARNING  Not Found: /bb.php
2021-05-09 22:54:00,072 django.request WARNING  Not Found: /pp.php
2021-05-09 22:54:00,737 django.request WARNING  Not Found: /bbq.php
2021-05-09 22:54:01,058 django.request WARNING  Not Found: /jj1.php
2021-05-09 22:54:05,745 django.request WARNING  Not Found: /qwq.php
2021-05-09 22:54:06,067 django.request WARNING  Not Found: /nb.php
2021-05-09 22:54:06,714 django.request WARNING  Not Found: /hgx.php
2021-05-09 22:54:07,047 django.request WARNING  Not Found: /ppl.php
2021-05-09 22:54:07,373 django.request WARNING  Not Found: /tty.php
2021-05-09 22:54:08,032 django.request WARNING  Not Found: /aap.php
2021-05-09 22:54:08,359 django.request WARNING  Not Found: /app.php
2021-05-09 22:54:09,034 django.request WARNING  Not Found: /ioi.php
2021-05-09 22:54:13,349 django.request WARNING  Not Found: /yyy.php
2021-05-09 22:54:14,556 django.request WARNING  Not Found: /shh.php
2021-05-09 22:54:14,880 django.request WARNING  Not Found: /ddd.php
2021-05-09 22:54:15,522 django.request WARNING  Not Found: /rrr.php
2021-05-09 22:54:15,887 django.request WARNING  Not Found: /ttt.php
2021-05-09 22:54:16,229 django.request WARNING  Not Found: /bbqq.php
2021-05-09 22:54:16,875 django.request WARNING  Not Found: /qiqi.php
2021-05-09 22:54:17,200 django.request WARNING  Not Found: /qiqi1.php
2021-05-09 22:54:17,873 django.request WARNING  Not Found: /bbv.php
2021-05-09 22:54:18,235 django.request WARNING  Not Found: /605.php
2021-05-09 22:54:18,886 django.request WARNING  Not Found: /xi.php
2021-05-09 22:54:19,229 django.request WARNING  Not Found: /999.php
2021-05-09 22:54:19,550 django.request WARNING  Not Found: /jsc.php
2021-05-09 22:54:20,199 django.request WARNING  Not Found: /jsc.php
2021-05-09 22:54:20,520 django.request WARNING  Not Found: /11a.php
2021-05-09 22:54:21,176 django.request WARNING  Not Found: /ks1.php
2021-05-09 22:54:22,047 django.request WARNING  Not Found: /ooo.php
2021-05-09 22:54:22,692 django.request WARNING  Not Found: /lz.php
2021-05-09 22:54:23,021 django.request WARNING  Not Found: /zmp.php
2021-05-09 22:54:23,678 django.request WARNING  Not Found: /zzz.php
2021-05-09 22:54:24,518 django.request WARNING  Not Found: /ze.php
2021-05-09 22:54:25,218 django.request WARNING  Not Found: /lkio.php
2021-05-09 22:54:25,561 django.request WARNING  Not Found: /mm.php
2021-05-09 22:54:25,892 django.request WARNING  Not Found: /mmp.php
2021-05-09 22:54:26,215 django.request WARNING  Not Found: /hades.php
2021-05-09 22:54:26,531 django.request WARNING  Not Found: /muma.php
2021-05-09 22:54:27,211 django.request WARNING  Not Found: /zza.php
2021-05-09 22:54:27,534 django.request WARNING  Not Found: /ag.php
2021-05-09 22:54:28,223 django.request WARNING  Not Found: /my.php
2021-05-09 22:54:28,902 django.request WARNING  Not Found: /qq.php
2021-05-09 22:54:29,227 django.request WARNING  Not Found: /config.php
2021-05-09 22:54:29,876 django.request WARNING  Not Found: /1.php
2021-05-09 22:54:30,230 django.request WARNING  Not Found: /miao.php
2021-05-09 22:54:30,887 django.request WARNING  Not Found: /cc.php
2021-05-09 22:54:31,207 django.request WARNING  Not Found: /xiaodai.php
2021-05-09 22:54:31,870 django.request WARNING  Not Found: /pass.php
2021-05-09 22:54:32,191 django.request WARNING  Not Found: /olelist.php
2021-05-09 22:54:40,831 django.request WARNING  Not Found: /edmin.php
2021-05-09 22:54:41,183 django.request WARNING  Not Found: /sconfig.php
2021-05-09 22:54:41,860 django.request WARNING  Not Found: /logo.php
2021-05-09 22:54:42,185 django.request WARNING  Not Found: /o.php
2021-05-09 22:54:42,832 django.request WARNING  Not Found: /tools.php
2021-05-09 22:54:43,159 django.request WARNING  Not Found: /asjc.php
2021-05-09 22:54:43,505 django.request WARNING  Not Found: /test.php
2021-05-09 22:54:43,829 django.request WARNING  Not Found: /fuck.php
2021-05-09 22:54:44,497 django.request WARNING  Not Found: /goodbook.php
2021-05-09 22:54:44,817 django.request WARNING  Not Found: /2.php
2021-05-09 22:54:49,475 django.request WARNING  Not Found: /gotemp.php
2021-05-09 22:54:49,797 django.request WARNING  Not Found: /sql.php
2021-05-09 22:54:50,142 django.request WARNING  Not Found: /conf.php
2021-05-09 22:54:50,796 django.request WARNING  Not Found: /settings.php
2021-05-09 22:54:51,123 django.request WARNING  Not Found: /system.php
2021-05-09 22:54:51,809 django.request WARNING  Not Found: /think.php
2021-05-09 22:54:52,134 django.request WARNING  Not Found: /db.init.php
2021-05-09 22:54:52,781 django.request WARNING  Not Found: /db__.init.php
2021-05-09 22:54:53,978 django.request WARNING  Not Found: /m.php
2021-05-09 22:54:54,306 django.request WARNING  Not Found: /error.php
2021-05-09 22:54:54,979 django.request WARNING  Not Found: /099.php
2021-05-09 22:54:55,328 django.request WARNING  Not Found: /_404.php
2021-05-09 22:54:55,995 django.request WARNING  Not Found: /lapan.php
2021-05-09 22:54:56,316 django.request WARNING  Not Found: /p34ky1337.php
2021-05-09 22:54:56,978 django.request WARNING  Not Found: /sllolx.php
2021-05-09 22:54:57,306 django.request WARNING  Not Found: /Skri.php
2021-05-09 22:54:57,975 django.request WARNING  Not Found: /db_desql.php
2021-05-09 22:54:58,301 django.request WARNING  Not Found: /mx.php
2021-05-09 22:54:58,949 django.request WARNING  Not Found: /xshell.php
2021-05-09 22:54:59,270 django.request WARNING  Not Found: /qq.php
2021-05-09 22:54:59,947 django.request WARNING  Not Found: /conflg.php
2021-05-09 22:55:00,291 django.request WARNING  Not Found: /lindex.php
2021-05-09 22:55:00,962 django.request WARNING  Not Found: /phpStudy.php
2021-05-09 22:55:01,287 django.request WARNING  Not Found: /weixiao.php
2021-05-09 22:55:05,920 django.request WARNING  Not Found: /ak48.php
2021-05-09 22:55:06,242 django.request WARNING  Not Found: /xiao.php
2021-05-09 22:55:06,896 django.request WARNING  Not Found: /defect.php
2021-05-09 22:55:07,215 django.request WARNING  Not Found: /webslee.php
2021-05-09 22:55:07,867 django.request WARNING  Not Found: /pe.php
2021-05-09 22:55:08,195 django.request WARNING  Not Found: /hm.php
2021-05-09 22:55:08,836 django.request WARNING  Not Found: /cainiao.php
2021-05-09 22:55:09,168 django.request WARNING  Not Found: /zuoshou.php
2021-05-09 22:55:09,814 django.request WARNING  Not Found: /aotu.php
2021-05-09 22:55:10,134 django.request WARNING  Not Found: /aotu7.php
2021-05-09 22:55:10,784 django.request WARNING  Not Found: /cmd.php
2021-05-09 22:55:11,130 django.request WARNING  Not Found: /bak.php
2021-05-09 22:55:11,794 django.request WARNING  Not Found: /l6.php
2021-05-09 22:55:12,129 django.request WARNING  Not Found: /l7.php
2021-05-09 22:55:12,812 django.request WARNING  Not Found: /q.php
2021-05-09 22:55:13,139 django.request WARNING  Not Found: /56.php
2021-05-09 22:55:13,789 django.request WARNING  Not Found: /yumo.php
2021-05-09 22:55:14,121 django.request WARNING  Not Found: /min.php
2021-05-09 22:55:14,769 django.request WARNING  Not Found: /wanan.php
2021-05-09 22:55:15,102 django.request WARNING  Not Found: /ssaa.php
2021-05-09 22:55:19,770 django.request WARNING  Not Found: /aw.php
2021-05-09 22:55:20,091 django.request WARNING  Not Found: /12.php
2021-05-09 22:55:20,753 django.request WARNING  Not Found: /ak.php
2021-05-09 22:55:21,073 django.request WARNING  Not Found: /ip.php
2021-05-09 22:55:21,739 django.request WARNING  Not Found: /qwe.php
2021-05-09 22:55:22,060 django.request WARNING  Not Found: /1213.php
2021-05-09 22:55:22,719 django.request WARNING  Not Found: /aaaa.php
2021-05-09 22:55:23,060 django.request WARNING  Not Found: /h1.php
2021-05-09 22:55:23,713 django.request WARNING  Not Found: /3.php
2021-05-09 22:55:24,038 django.request WARNING  Not Found: /4.php
2021-05-09 22:55:24,685 django.request WARNING  Not Found: /9510.php
2021-05-09 22:55:25,027 django.request WARNING  Not Found: /python.php
2021-05-09 22:55:25,689 django.request WARNING  Not Found: /sean.php
2021-05-09 22:55:26,015 django.request WARNING  Not Found: /app.php
2021-05-09 22:55:26,658 django.request WARNING  Not Found: /tiandi.php
2021-05-09 22:55:26,981 django.request WARNING  Not Found: /xz.php
2021-05-09 22:55:27,657 django.request WARNING  Not Found: /linuxse.php
2021-05-09 22:55:27,982 django.request WARNING  Not Found: /zuoindex.php
2021-05-09 22:55:28,346 django.request WARNING  Not Found: /zshmindex.php
2021-05-09 22:55:28,997 django.request WARNING  Not Found: /ceshi.php
2021-05-09 22:55:29,322 django.request WARNING  Not Found: /1hou.php
2021-05-09 22:55:29,985 django.request WARNING  Not Found: /zuos.php
2021-05-09 22:55:30,310 django.request WARNING  Not Found: /zuoss.php
2021-05-09 22:55:33,967 django.request WARNING  Not Found: /secure/ContactAdministrators!default.jspa
2021-05-09 22:55:34,303 django.request WARNING  Not Found: /weaver/bsh.servlet.BshServlet
2021-05-09 22:55:34,950 django.request WARNING  Not Found: /console/login/LoginForm.jsp
2021-05-09 22:55:35,294 django.request WARNING  Not Found: /index.php
2021-05-09 22:55:35,959 django.request WARNING  Not Found: /user.php
2021-05-09 22:55:36,285 django.request WARNING  Not Found: /index.php
2021-05-09 22:55:36,975 django.request WARNING  Not Found: /phpMyAdmin/index.php
2021-05-09 22:55:37,307 django.request WARNING  Not Found: /pmd/index.php
2021-05-09 22:55:37,957 django.request WARNING  Not Found: /PMA/index.php
2021-05-09 22:55:38,282 django.request WARNING  Not Found: /PMA2/index.php
2021-05-09 22:55:41,937 django.request WARNING  Not Found: /mysql/index.php
2021-05-09 22:55:42,429 django.request WARNING  Not Found: /db/index.php
2021-05-09 22:55:43,752 django.request WARNING  Not Found: /web/phpMyAdmin/index.php
2021-05-09 22:55:45,302 django.request WARNING  Not Found: /mysqladmin/index.php
2021-05-09 22:55:45,948 django.request WARNING  Not Found: /mysql_admin/index.php
2021-05-09 22:55:49,300 django.request WARNING  Not Found: /phpAdmin/index.php
2021-05-09 22:55:49,621 django.request WARNING  Not Found: /phpmyadmin0/index.php
2021-05-09 22:55:50,792 django.request WARNING  Not Found: /phpmyadmin2/index.php
2021-05-09 22:55:51,120 django.request WARNING  Not Found: /phpMyAdmin-4.4.0/index.php
2021-05-09 22:55:51,448 django.request WARNING  Not Found: /phpMyAdmin4.8.0/index.php
2021-05-09 22:55:51,774 django.request WARNING  Not Found: /phpMyAdmin4.8.1/index.php
2021-05-09 22:55:52,422 django.request WARNING  Not Found: /phpMyAdmin4.8.3/index.php
2021-05-09 22:55:53,085 django.request WARNING  Not Found: /phpMyAdmin4.8.5/index.php
2021-05-09 22:55:53,405 django.request WARNING  Not Found: /myadmin/index.php
2021-05-09 22:55:53,728 django.request WARNING  Not Found: /myadmin2/index.php
2021-05-09 22:55:54,371 django.request WARNING  Not Found: /phpMyadmin_bak/index.php
2021-05-09 22:55:55,031 django.request WARNING  Not Found: /tools/phpMyAdmin/index.php
2021-05-09 22:56:01,378 django.request WARNING  Not Found: /phpMyAdmin.old/index.php
2021-05-09 22:56:02,028 django.request WARNING  Not Found: /claroline/phpMyAdmin/index.php
2021-05-09 22:56:02,352 django.request WARNING  Not Found: /typo3/phpmyadmin/index.php
2021-05-09 22:56:03,005 django.request WARNING  Not Found: /phpmyadmin/phpmyadmin/index.php
2021-05-09 22:56:03,341 django.request WARNING  Not Found: /phpMyAdmin/phpMyAdmin/index.php
2021-05-09 22:56:03,665 django.request WARNING  Not Found: /phpMyAbmin/index.php
2021-05-09 22:56:07,323 django.request WARNING  Not Found: /v/index.php
2021-05-09 22:56:07,657 django.request WARNING  Not Found: /phpmyadm1n/index.php
2021-05-09 22:56:07,982 django.request WARNING  Not Found: /phpMyAdm1n/index.php
2021-05-09 22:56:11,666 django.request WARNING  Not Found: /phpMyAdmion/index.php
2021-05-09 22:56:11,996 django.request WARNING  Not Found: /s/index.php
2021-05-09 22:56:12,342 django.request WARNING  Not Found: /MyAdmin/index.php
2021-05-09 22:56:16,021 django.request WARNING  Not Found: /pwd/index.php
2021-05-09 22:56:16,345 django.request WARNING  Not Found: /phpMyAdmina/index.php
2021-05-09 22:56:16,986 django.request WARNING  Not Found: /phpMyAdmins/index.php
2021-05-09 22:56:17,330 django.request WARNING  Not Found: /phpMyAdmin._/index.php
2021-05-09 22:56:17,997 django.request WARNING  Not Found: /phpmyadmin2222/index.php
2021-05-09 22:56:18,319 django.request WARNING  Not Found: /phpMyAdmin333/index.php
2021-05-09 22:56:18,963 django.request WARNING  Not Found: /php2MyAdmin/index.php
2021-05-09 22:56:19,284 django.request WARNING  Not Found: /phpiMyAdmin/index.php
2021-05-09 22:56:19,931 django.request WARNING  Not Found: /1/index.php
2021-05-09 22:56:20,256 django.request WARNING  Not Found: /download/index.php
2021-05-09 22:56:20,942 django.request WARNING  Not Found: /phpmadmin/index.php
2021-05-09 22:56:21,284 django.request WARNING  Not Found: /321/index.php
2021-05-09 22:56:21,939 django.request WARNING  Not Found: /phpMyAdminn/index.php
2021-05-09 22:56:23,181 django.request WARNING  Not Found: /sbb/index.php
2021-05-09 22:56:23,506 django.request WARNING  Not Found: /WWW/phpMyAdmin/index.php
2021-05-09 22:56:24,180 django.request WARNING  Not Found: /phpMyAdmin_ai/index.php
2021-05-09 22:56:24,518 django.request WARNING  Not Found: /__phpMyAdmin/index.php
2021-05-09 22:56:24,847 django.request WARNING  Not Found: /program/index.php
2021-05-09 22:56:25,174 django.request WARNING  Not Found: /shopdb/index.php
2021-05-09 22:56:25,818 django.request WARNING  Not Found: /phpmy/index.php
2021-05-09 22:56:26,148 django.request WARNING  Not Found: /mysql/admin/index.php
2021-05-09 22:56:26,800 django.request WARNING  Not Found: /mysql/sqlmanager/index.php
2021-05-09 22:56:27,123 django.request WARNING  Not Found: /mysql/mysqlmanager/index.php
2021-05-09 22:56:27,799 django.request WARNING  Not Found: /sqladmin/index.php
2021-05-09 22:56:28,126 django.request WARNING  Not Found: /sql/index.php
2021-05-09 22:56:28,829 django.request WARNING  Not Found: /websql/index.php
2021-05-09 22:56:29,155 django.request WARNING  Not Found: /MySQLAdmin/index.php
2021-05-09 22:56:32,811 django.request WARNING  Not Found: /axis2/axis2-admin/login
2021-05-09 22:56:33,155 django.request WARNING  Not Found: /login
2021-05-09 23:58:23,245 django.request WARNING  Not Found: /boaform/admin/formLogin
2021-05-10 03:06:38,285 django.security.csrf WARNING  Forbidden (CSRF cookie not set.): /
2021-05-10 03:06:38,488 django.request WARNING  Not Found: /.env
2021-05-10 03:20:04,658 django.security.csrf WARNING  Forbidden (CSRF cookie not set.): /
2021-05-10 03:20:04,672 django.security.csrf WARNING  Forbidden (CSRF cookie not set.): /
2021-05-10 03:20:04,678 django.request WARNING  Not Found: /nmaplowercheck1620606004
2021-05-10 03:20:04,686 django.request WARNING  Not Found: /.git/HEAD
2021-05-10 03:20:04,697 django.request WARNING  Not Found: /sdk
2021-05-10 03:20:04,711 django.security.DisallowedHost ERROR    Invalid HTTP_HOST header: '_'. The domain name provided is not valid according to RFC 1034/1035.
2021-05-10 03:20:04,731 django.request WARNING  Bad Request: /
2021-05-10 03:20:04,916 django.security.csrf WARNING  Forbidden (CSRF cookie not set.): /
2021-05-10 03:20:05,756 django.security.csrf WARNING  Forbidden (CSRF cookie not set.): /
2021-05-10 03:38:36,143 django.request WARNING  Not Found: /favicon.ico
2021-05-10 03:38:36,651 django.request WARNING  Not Found: /favicon.ico
2021-05-10 04:12:43,736 django.request WARNING  Not Found: /.env
2021-05-10 05:04:59,250 django.request WARNING  Not Found: /.env
2021-05-10 05:04:59,960 django.request WARNING  Not Found: /wp-content/
2021-05-10 05:19:37,254 django.security.csrf WARNING  Forbidden (CSRF cookie not set.): /
2021-05-10 08:06:47,938 root         INFO     Activate Your MySite Account / 
Hi Test,

Please click on the link below to confirm your registration:

http://djblog.me/aft/activate/OQ/amfajb-95b984b214e85c2c34a7850ea5334fe0/


2021-05-10 08:09:20,520 root         INFO     Activate Your MySite Account / 
Hi Teste,

Please click on the link below to confirm your registration:

http://djblog.me/aft/activate/MTA/amfank-ea10510074369339c3e3001222366217/


2021-05-10 08:15:37,874 django.request WARNING  Not Found: /aft/activate/MTA/amfank-ea10510074369339c3e3001222366217/\
2021-05-10 08:18:01,731 django.request WARNING  Not Found: /favicon.ico
2021-05-10 09:48:53,823 django.request WARNING  Not Found: /robots.txt
2021-05-10 09:51:51,627 django.request WARNING  Not Found: /.env
2021-05-10 09:51:52,375 django.security.csrf WARNING  Forbidden (CSRF cookie not set.): /
2021-05-10 10:03:02,176 django.security.DisallowedHost ERROR    Invalid HTTP_HOST header: '_'. The domain name provided is not valid according to RFC 1034/1035.
2021-05-10 10:03:02,206 django.request WARNING  Bad Request: /
2021-05-10 10:06:56,119 django.request WARNING  Not Found: /.env
2021-05-10 10:06:56,508 django.security.csrf WARNING  Forbidden (CSRF cookie not set.): /
2021-05-10 10:20:31,250 django.request WARNING  Not Found: /favicon.ico
2021-05-10 10:27:19,259 django.security.csrf WARNING  Forbidden (CSRF cookie not set.): /
2021-05-10 10:31:46,168 PIL.Image    DEBUG    Importing BlpImagePlugin
2021-05-10 10:31:46,170 PIL.Image    DEBUG    Importing BmpImagePlugin
2021-05-10 10:31:46,170 PIL.Image    DEBUG    Importing BufrStubImagePlugin
2021-05-10 10:31:46,171 PIL.Image    DEBUG    Importing CurImagePlugin
2021-05-10 10:31:46,171 PIL.Image    DEBUG    Importing DcxImagePlugin
2021-05-10 10:31:46,172 PIL.Image    DEBUG    Importing DdsImagePlugin
2021-05-10 10:31:46,173 PIL.Image    DEBUG    Importing EpsImagePlugin
2021-05-10 10:31:46,174 PIL.Image    DEBUG    Importing FitsStubImagePlugin
2021-05-10 10:31:46,175 PIL.Image    DEBUG    Importing FliImagePlugin
2021-05-10 10:31:46,176 PIL.Image    DEBUG    Importing FpxImagePlugin
2021-05-10 10:31:46,176 PIL.Image    DEBUG    Image: failed to import FpxImagePlugin: No module named 'olefile'
2021-05-10 10:31:46,177 PIL.Image    DEBUG    Importing FtexImagePlugin
2021-05-10 10:31:46,177 PIL.Image    DEBUG    Importing GbrImagePlugin
2021-05-10 10:31:46,178 PIL.Image    DEBUG    Importing GifImagePlugin
2021-05-10 10:31:46,178 PIL.Image    DEBUG    Importing GribStubImagePlugin
2021-05-10 10:31:46,179 PIL.Image    DEBUG    Importing Hdf5StubImagePlugin
2021-05-10 10:31:46,180 PIL.Image    DEBUG    Importing IcnsImagePlugin
2021-05-10 10:31:46,181 PIL.Image    DEBUG    Importing IcoImagePlugin
2021-05-10 10:31:46,182 PIL.Image    DEBUG    Importing ImImagePlugin
2021-05-10 10:31:46,183 PIL.Image    DEBUG    Importing ImtImagePlugin
2021-05-10 10:31:46,184 PIL.Image    DEBUG    Importing IptcImagePlugin
2021-05-10 10:31:46,185 PIL.Image    DEBUG    Importing JpegImagePlugin
2021-05-10 10:31:46,185 PIL.Image    DEBUG    Importing Jpeg2KImagePlugin
2021-05-10 10:31:46,185 PIL.Image    DEBUG    Importing McIdasImagePlugin
2021-05-10 10:31:46,186 PIL.Image    DEBUG    Importing MicImagePlugin
2021-05-10 10:31:46,187 PIL.Image    DEBUG    Image: failed to import MicImagePlugin: No module named 'olefile'
2021-05-10 10:31:46,187 PIL.Image    DEBUG    Importing MpegImagePlugin
2021-05-10 10:31:46,188 PIL.Image    DEBUG    Importing MpoImagePlugin
2021-05-10 10:31:46,188 PIL.Image    DEBUG    Importing MspImagePlugin
2021-05-10 10:31:46,189 PIL.Image    DEBUG    Importing PalmImagePlugin
2021-05-10 10:31:46,190 PIL.Image    DEBUG    Importing PcdImagePlugin
2021-05-10 10:31:46,191 PIL.Image    DEBUG    Importing PcxImagePlugin
2021-05-10 10:31:46,191 PIL.Image    DEBUG    Importing PdfImagePlugin
2021-05-10 10:31:46,198 PIL.Image    DEBUG    Importing PixarImagePlugin
2021-05-10 10:31:46,199 PIL.Image    DEBUG    Importing PngImagePlugin
2021-05-10 10:31:46,199 PIL.Image    DEBUG    Importing PpmImagePlugin
2021-05-10 10:31:46,200 PIL.Image    DEBUG    Importing PsdImagePlugin
2021-05-10 10:31:46,200 PIL.Image    DEBUG    Importing SgiImagePlugin
2021-05-10 10:31:46,201 PIL.Image    DEBUG    Importing SpiderImagePlugin
2021-05-10 10:31:46,202 PIL.Image    DEBUG    Importing SunImagePlugin
2021-05-10 10:31:46,202 PIL.Image    DEBUG    Importing TgaImagePlugin
2021-05-10 10:31:46,203 PIL.Image    DEBUG    Importing TiffImagePlugin
2021-05-10 10:31:46,204 PIL.Image    DEBUG    Importing WebPImagePlugin
2021-05-10 10:31:46,208 PIL.Image    DEBUG    Importing WmfImagePlugin
2021-05-10 10:31:46,209 PIL.Image    DEBUG    Importing XbmImagePlugin
2021-05-10 10:31:46,210 PIL.Image    DEBUG    Importing XpmImagePlugin
2021-05-10 10:31:46,211 PIL.Image    DEBUG    Importing XVThumbImagePlugin
2021-05-10 10:37:18,875 django.request WARNING  Not Found: /.env
2021-05-10 10:54:27,759 django.security.csrf WARNING  Forbidden (CSRF cookie not set.): /
2021-05-10 11:25:02,352 django.security.csrf WARNING  Forbidden (CSRF cookie not set.): /
2021-05-10 11:51:47,960 django.security.DisallowedHost ERROR    Invalid HTTP_HOST header: 'dp3.qq.com'. You may need to add 'dp3.qq.com' to ALLOWED_HOSTS.
2021-05-10 11:51:48,014 django.request WARNING  Bad Request: /dynamic
2021-05-10 11:55:35,287 django.request WARNING  Not Found: /.env
2021-05-10 13:13:00,538 django.security.csrf WARNING  Forbidden (CSRF cookie not set.): /
2021-05-10 13:20:58,705 django.security.csrf WARNING  Forbidden (CSRF cookie not set.): /
2021-05-10 13:46:48,133 django.request WARNING  Not Found: /.env
2021-05-10 13:46:48,691 django.security.csrf WARNING  Forbidden (CSRF cookie not set.): /
2021-05-10 15:06:06,160 django.security.csrf WARNING  Forbidden (CSRF cookie not set.): /
2021-05-10 15:45:04,053 django.security.DisallowedHost ERROR    Invalid HTTP_HOST header: '_'. The domain name provided is not valid according to RFC 1034/1035.
2021-05-10 15:45:04,073 django.request WARNING  Bad Request: /boaform/admin/formLogin
2021-05-10 15:46:31,824 django.request WARNING  Not Found: /vendor/phpunit/phpunit/src/Util/PHP/eval-stdin.php
2021-05-10 15:46:31,912 django.request WARNING  Not Found: /solr/admin/info/system
2021-05-10 15:46:32,681 django.request WARNING  Not Found: /api/jsonws/invoke
2021-05-10 15:46:33,275 django.request WARNING  Not Found: /Autodiscover/Autodiscover.xml
2021-05-10 15:46:33,367 django.request WARNING  Not Found: /_ignition/execute-solution
2021-05-10 16:00:07,006 django.security.csrf WARNING  Forbidden (CSRF cookie not set.): /
2021-05-10 16:18:32,531 django.request WARNING  Not Found: /.env
2021-05-10 16:51:38,334 django.security.DisallowedHost ERROR    Invalid HTTP_HOST header: '_'. The domain name provided is not valid according to RFC 1034/1035.
2021-05-10 16:51:38,353 django.request WARNING  Bad Request: /
2021-05-10 18:09:16,998 django.request WARNING  Not Found: /.env
2021-05-10 18:51:17,465 django.request WARNING  Not Found: /nmaplowercheck1620661877
2021-05-10 18:51:17,780 django.request WARNING  Not Found: /HNAP1
2021-05-10 18:51:19,379 django.security.DisallowedHost ERROR    Invalid HTTP_HOST header: '_'. The domain name provided is not valid according to RFC 1034/1035.
2021-05-10 18:51:19,398 django.request WARNING  Bad Request: /
2021-05-10 21:03:07,599 django.security.csrf WARNING  Forbidden (CSRF cookie not set.): /
2021-05-10 21:03:32,280 django.request WARNING  Not Found: /.env
2021-05-10 21:03:32,830 django.security.csrf WARNING  Forbidden (CSRF cookie not set.): /
2021-05-11 01:04:25,700 django.security.DisallowedHost ERROR    Invalid HTTP_HOST header: '_'. The domain name provided is not valid according to RFC 1034/1035.
2021-05-11 01:04:25,720 django.request WARNING  Bad Request: /
2021-05-11 01:27:20,468 django.request WARNING  Not Found: /.env
2021-05-11 01:30:16,922 django.request WARNING  Not Found: /reboot/
2021-05-11 01:30:17,002 django.request WARNING  Not Found: /firmware/
2021-05-11 01:30:17,036 django.request WARNING  Not Found: /Line/
2021-05-11 01:30:17,115 django.request WARNING  Not Found: /Telephone/
2021-05-11 01:30:17,149 django.request WARNING  Not Found: /aastra/
2021-05-11 01:30:17,218 django.request WARNING  Not Found: /wkn/
2021-05-11 01:30:17,252 django.request WARNING  Not Found: /algo/
2021-05-11 01:30:17,329 django.request WARNING  Not Found: /asterisk.conf/
2021-05-11 01:30:17,364 django.request WARNING  Not Found: /asterisk/
2021-05-11 01:30:17,431 django.request WARNING  Not Found: /atacom/
2021-05-11 01:30:17,465 django.request WARNING  Not Found: /backups/
2021-05-11 01:30:17,533 django.request WARNING  Not Found: /cisco/
2021-05-11 01:30:17,577 django.request WARNING  Not Found: /conf.cfg/
2021-05-11 01:30:17,646 django.request WARNING  Not Found: /config.txt/
2021-05-11 01:30:17,680 django.request WARNING  Not Found: /digium/
2021-05-11 01:30:17,749 django.request WARNING  Not Found: /etc/asterisk/sip.conf/
2021-05-11 01:30:17,788 django.request WARNING  Not Found: /extensions.conf/
2021-05-11 01:30:17,859 django.request WARNING  Not Found: /goautodial/
2021-05-11 01:30:17,893 django.request WARNING  Not Found: /grandstream/
2021-05-11 01:30:17,960 django.request WARNING  Not Found: /linksys/
2021-05-11 01:30:17,994 django.request WARNING  Not Found: /mitel/
2021-05-11 01:30:18,064 django.request WARNING  Not Found: /phone.cfg/
2021-05-11 01:30:18,099 django.request WARNING  Not Found: /phone/
2021-05-11 01:30:18,167 django.request WARNING  Not Found: /polycom/
2021-05-11 01:30:18,206 django.request WARNING  Not Found: /prov/
2021-05-11 01:30:18,273 django.request WARNING  Not Found: /provisioning/
2021-05-11 01:30:18,307 django.request WARNING  Not Found: /sangoma/
2021-05-11 01:30:18,376 django.request WARNING  Not Found: /sip.conf/
2021-05-11 01:30:18,410 django.request WARNING  Not Found: /sip.txt/
2021-05-11 01:30:18,479 django.request WARNING  Not Found: /sipconf/
2021-05-11 01:30:18,512 django.request WARNING  Not Found: /sipura/
2021-05-11 01:30:18,580 django.request WARNING  Not Found: /spa/
2021-05-11 01:30:18,614 django.request WARNING  Not Found: /spectralink/
2021-05-11 01:30:18,684 django.request WARNING  Not Found: /tftpboot/
2021-05-11 01:30:18,719 django.request WARNING  Not Found: /tftpphone/
2021-05-11 01:30:18,791 django.request WARNING  Not Found: /tiger/
2021-05-11 01:30:18,827 django.request WARNING  Not Found: /txt/
2021-05-11 01:30:18,861 django.request WARNING  Not Found: /voip/
2021-05-11 01:30:18,929 django.request WARNING  Not Found: /vtech/
2021-05-11 01:30:18,963 django.request WARNING  Not Found: /yealink/
2021-05-11 01:30:19,030 django.request WARNING  Not Found: /sitemap.sip/
2021-05-11 01:30:19,064 django.request WARNING  Not Found: /sitemap/asterisk/
2021-05-11 03:03:41,081 django.request WARNING  Not Found: /robots.txt
2021-05-11 07:09:16,288 django.request WARNING  Not Found: /.env
2021-05-11 07:42:47,372 django.security.csrf WARNING  Forbidden (CSRF cookie not set.): /
2021-05-11 08:47:56,847 django.request WARNING  Not Found: /boaform/admin/formLogin
2021-05-11 09:48:24,281 django.request WARNING  Not Found: /.env
2021-05-11 10:58:20,600 django.request WARNING  Not Found: /api/jsonws/invoke
2021-05-11 10:58:20,603 django.request WARNING  Not Found: /solr/admin/info/system
2021-05-11 10:58:20,690 django.request WARNING  Not Found: /vendor/phpunit/phpunit/src/Util/PHP/eval-stdin.php
2021-05-11 10:58:20,770 django.request WARNING  Not Found: /index.php
2021-05-11 10:58:21,186 django.request WARNING  Not Found: /console/
2021-05-11 10:58:21,237 django.request WARNING  Not Found: /wp-content/plugins/wp-file-manager/readme.txt
2021-05-11 10:58:21,337 django.request WARNING  Not Found: /Autodiscover/Autodiscover.xml
2021-05-11 12:13:20,053 django.security.DisallowedHost ERROR    Invalid HTTP_HOST header: '_'. The domain name provided is not valid according to RFC 1034/1035.
2021-05-11 12:13:20,074 django.request WARNING  Bad Request: /0bef
2021-05-11 16:48:57,507 django.request WARNING  Not Found: /robots.txt
2021-05-11 16:48:57,814 django.request WARNING  Not Found: /sitemap.xml
2021-05-11 20:04:23,481 django.security.DisallowedHost ERROR    Invalid HTTP_HOST header: '_'. The domain name provided is not valid according to RFC 1034/1035.
2021-05-11 20:04:23,502 django.request WARNING  Bad Request: /
2021-05-11 20:55:35,567 django.request WARNING  Not Found: /shell
2021-05-11 22:05:43,270 django.request WARNING  Not Found: /TP/index.php
2021-05-11 22:05:43,727 django.request WARNING  Not Found: /thinkphp/html/public/index.php
2021-05-11 22:05:44,645 django.request WARNING  Not Found: /public/index.php
2021-05-11 22:05:45,108 django.request WARNING  Not Found: /TP/html/public/index.php
2021-05-11 23:16:24,923 django.request WARNING  Not Found: /.env
2021-05-11 23:36:31,841 django.request WARNING  Not Found: /.env
2021-05-12 01:11:57,018 django.security.csrf WARNING  Forbidden (CSRF cookie not set.): /
2021-05-12 01:40:09,162 django.request WARNING  Not Found: /robots.txt
2021-05-12 01:40:09,589 django.request WARNING  Not Found: /sitemap.xml
2021-05-12 02:29:25,236 django.request WARNING  Not Found: /favicon.ico
2021-05-12 02:57:21,848 django.security.DisallowedHost ERROR    Invalid HTTP_HOST header: '_'. The domain name provided is not valid according to RFC 1034/1035.
2021-05-12 02:57:21,867 django.request WARNING  Bad Request: /
2021-05-12 02:59:44,083 django.request WARNING  Not Found: /_ignition/execute-solution
2021-05-12 03:46:28,874 django.request WARNING  Not Found: /vendor/phpunit/phpunit/src/Util/PHP/eval-stdin.php
2021-05-12 03:46:28,879 django.request WARNING  Not Found: /api/jsonws/invoke
2021-05-12 03:46:28,963 django.request WARNING  Not Found: /solr/admin/info/system
2021-05-12 03:46:29,045 django.request WARNING  Not Found: /index.php
2021-05-12 03:46:29,125 django.request WARNING  Not Found: /wp-content/plugins/wp-file-manager/readme.txt
2021-05-12 03:46:29,209 django.request WARNING  Not Found: /Autodiscover/Autodiscover.xml
2021-05-12 03:46:29,218 django.request WARNING  Not Found: /console/
2021-05-12 03:46:29,291 django.request WARNING  Not Found: /_ignition/execute-solution
2021-05-12 04:48:33,402 django.request WARNING  Not Found: /config/getuser
2021-05-12 08:40:27,341 django.request WARNING  Not Found: /shell
2021-05-12 11:34:42,580 django.security.DisallowedHost ERROR    Invalid HTTP_HOST header: '_'. The domain name provided is not valid according to RFC 1034/1035.
2021-05-12 11:34:42,601 django.request WARNING  Bad Request: /cgi-bin/kerbynet
2021-05-12 11:51:51,794 django.security.DisallowedHost ERROR    Invalid HTTP_HOST header: '_'. The domain name provided is not valid according to RFC 1034/1035.
2021-05-12 11:51:51,817 django.request WARNING  Bad Request: /cgi-bin/kerbynet
2021-05-12 11:51:52,596 django.security.DisallowedHost ERROR    Invalid HTTP_HOST header: '_'. The domain name provided is not valid according to RFC 1034/1035.
2021-05-12 11:51:52,615 django.request WARNING  Bad Request: /cgi-bin/kerbynet
2021-05-12 12:12:39,635 django.security.DisallowedHost ERROR    Invalid HTTP_HOST header: '_'. The domain name provided is not valid according to RFC 1034/1035.
2021-05-12 12:12:39,658 django.request WARNING  Bad Request: /cgi-bin/kerbynet
2021-05-12 12:13:49,614 django.security.DisallowedHost ERROR    Invalid HTTP_HOST header: '_'. The domain name provided is not valid according to RFC 1034/1035.
2021-05-12 12:13:49,635 django.request WARNING  Bad Request: /cgi-bin/kerbynet
2021-05-12 12:26:28,851 django.request WARNING  Not Found: /actuator/health
2021-05-12 12:45:06,738 django.security.DisallowedHost ERROR    Invalid HTTP_HOST header: '_'. The domain name provided is not valid according to RFC 1034/1035.
2021-05-12 12:45:06,758 django.request WARNING  Bad Request: /cgi-bin/kerbynet
2021-05-12 13:09:44,776 django.security.DisallowedHost ERROR    Invalid HTTP_HOST header: '_'. The domain name provided is not valid according to RFC 1034/1035.
2021-05-12 13:09:44,796 django.request WARNING  Bad Request: /cgi-bin/kerbynet
2021-05-12 13:38:52,618 django.request WARNING  Not Found: /hudson
2021-05-12 13:45:13,612 django.security.DisallowedHost ERROR    Invalid HTTP_HOST header: '_'. The domain name provided is not valid according to RFC 1034/1035.
2021-05-12 13:45:13,632 django.request WARNING  Bad Request: /cgi-bin/kerbynet
2021-05-12 19:23:05,351 django.security.DisallowedHost ERROR    Invalid HTTP_HOST header: '110.242.68.4'. You may need to add '110.242.68.4' to ALLOWED_HOSTS.
2021-05-12 19:23:05,372 django.request WARNING  Bad Request: /
2021-05-12 20:49:50,735 django.request WARNING  Not Found: /TP/public/index.php
2021-05-12 20:49:50,947 django.request WARNING  Not Found: /TP/index.php
2021-05-12 20:49:51,359 django.request WARNING  Not Found: /html/public/index.php
2021-05-12 20:49:51,558 django.request WARNING  Not Found: /public/index.php
2021-05-12 20:49:51,757 django.request WARNING  Not Found: /TP/html/public/index.php
2021-05-12 20:49:51,950 django.request WARNING  Not Found: /elrekt.php
2021-05-13 00:47:01,499 django.request WARNING  Not Found: /vicidial/admin.php
2021-05-13 01:22:41,671 django.request WARNING  Not Found: /robots.txt
2021-05-13 03:40:55,463 django.security.csrf WARNING  Forbidden (CSRF cookie not set.): /
2021-05-13 03:44:41,034 django.security.DisallowedHost ERROR    Invalid HTTP_HOST header: '_'. The domain name provided is not valid according to RFC 1034/1035.
2021-05-13 03:44:41,054 django.request WARNING  Bad Request: /0bef
2021-05-13 04:20:30,470 django.request WARNING  Not Found: /HNAP1/
2021-05-13 04:36:44,157 django.request WARNING  Not Found: /.env
2021-05-13 06:24:38,553 django.request WARNING  Not Found: /boaform/admin/formLogin
2021-05-13 06:47:31,090 django.security.DisallowedHost ERROR    Invalid HTTP_HOST header: '_'. The domain name provided is not valid according to RFC 1034/1035.
2021-05-13 06:47:31,109 django.request WARNING  Bad Request: /
2021-05-13 06:51:53,806 django.security.DisallowedHost ERROR    Invalid HTTP_HOST header: '_'. The domain name provided is not valid according to RFC 1034/1035.
2021-05-13 06:51:53,826 django.request WARNING  Bad Request: /setup.cgi
2021-05-13 07:26:54,909 django.security.DisallowedHost ERROR    Invalid HTTP_HOST header: '_'. The domain name provided is not valid according to RFC 1034/1035.
2021-05-13 07:26:54,935 django.request WARNING  Bad Request: /setup.cgi
2021-05-13 08:26:08,244 django.security.DisallowedHost ERROR    Invalid HTTP_HOST header: '_'. The domain name provided is not valid according to RFC 1034/1035.
2021-05-13 08:26:08,274 django.request WARNING  Bad Request: /setup.cgi
2021-05-13 08:33:22,314 django.security.csrf WARNING  Forbidden (CSRF cookie not set.): /
2021-05-13 09:51:05,637 django.request WARNING  Not Found: /GponForm/diag_Form
2021-05-13 10:50:44,003 django.security.csrf WARNING  Forbidden (CSRF cookie not set.): /
2021-05-13 12:30:12,719 django.request WARNING  Not Found: /.git/config
2021-05-13 12:30:13,462 django.request WARNING  Not Found: /config.json
2021-05-13 12:30:13,819 django.request WARNING  Not Found: /v2/_catalog
2021-05-13 12:30:15,772 django.request WARNING  Not Found: /api/search
2021-05-13 12:30:16,507 django.request WARNING  Not Found: /info.php
2021-05-13 12:30:16,569 django.request WARNING  Not Found: /server-status
2021-05-13 13:24:09,236 django.request WARNING  Not Found: /config/getuser
2021-05-13 16:41:17,391 django.security.DisallowedHost ERROR    Invalid HTTP_HOST header: '_'. The domain name provided is not valid according to RFC 1034/1035.
2021-05-13 16:41:17,410 django.request WARNING  Bad Request: /
2021-05-13 16:58:31,453 django.security.DisallowedHost ERROR    Invalid HTTP_HOST header: '_'. The domain name provided is not valid according to RFC 1034/1035.
2021-05-13 16:58:31,477 django.request WARNING  Bad Request: /0bef
2021-05-13 17:23:47,216 django.request WARNING  Not Found: /HNAP1/
2021-05-13 18:11:14,897 django.request WARNING  Not Found: /vendor/phpunit/phpunit/src/Util/PHP/eval-stdin.php
2021-05-13 18:11:14,904 django.request WARNING  Not Found: /vendor/phpunit/phpunit/src/Util/PHP/eval-stdin.php
2021-05-13 18:11:14,988 django.request WARNING  Not Found: /solr/admin/info/system
2021-05-13 18:11:15,067 django.request WARNING  Not Found: /index.php
2021-05-13 18:11:15,219 django.request WARNING  Not Found: /console/
2021-05-13 18:11:15,226 django.request WARNING  Not Found: /Autodiscover/Autodiscover.xml
2021-05-13 19:23:36,364 django.request WARNING  Not Found: /GponForm/diag_Form
2021-05-13 19:43:43,391 django.request WARNING  Not Found: /cgi-bin/printbook
2021-05-13 19:43:43,711 django.request WARNING  Not Found: /nrdh.php
2021-05-13 19:43:44,344 django.request WARNING  Not Found: /include/makecvs.php
2021-05-13 19:43:45,127 django.request WARNING  Not Found: /zend3/public/
2021-05-13 21:08:33,448 django.request WARNING  Not Found: /system_api.php
2021-05-13 21:08:33,647 django.request WARNING  Not Found: /system_api.php
2021-05-13 21:08:34,063 django.request WARNING  Not Found: /streaming/clients_live.php
2021-05-13 21:08:34,480 django.request WARNING  Not Found: /client_area/
2021-05-13 21:08:34,685 django.request WARNING  Not Found: /stalker_portal/c/
2021-05-13 22:24:28,353 django.request WARNING  Not Found: /_ignition/execute-solution
2021-05-13 22:24:30,561 django.request WARNING  Not Found: /jenkins/login
2021-05-13 22:24:31,067 django.request WARNING  Not Found: /manager/html
2021-05-14 01:45:51,833 django.request WARNING  Not Found: /.env
2021-05-14 05:21:10,210 django.request WARNING  Not Found: /.env
2021-05-14 05:21:10,594 django.security.csrf WARNING  Forbidden (CSRF cookie not set.): /
