2021-04-16 06:16:26,851 asyncio      DEBUG    Using selector: EpollSelector
2021-04-16 06:16:27,395 asyncio      DEBUG    Using selector: EpollSelector
2021-04-16 06:16:27,556 django.utils.autoreload INFO     Watching for file changes with StatReloader
2021-04-16 06:16:46,344 django.request WARNING  Not Found: /favicon.ico
2021-04-16 06:44:28,067 asyncio      DEBUG    Using selector: EpollSelector
2021-04-16 06:44:28,533 asyncio      DEBUG    Using selector: EpollSelector
2021-04-16 06:44:28,664 django.utils.autoreload INFO     Watching for file changes with StatReloader
2021-04-16 06:46:43,698 root         INFO     None
2021-04-16 06:50:41,657 django.utils.autoreload INFO     /home/fortysixth/development/Djangoproject/fortysixth/aft/views.py changed, reloading.
2021-04-16 06:50:42,132 asyncio      DEBUG    Using selector: EpollSelector
2021-04-16 06:50:42,293 django.utils.autoreload INFO     Watching for file changes with StatReloader
2021-04-16 06:51:31,950 root         INFO     Activate Your MySite Account / 
Hi Geohrg,

Please click on the link below to confirm your registration:

http://127.0.0.1:8000/aft/activate/Ng/al6r1v-6bf83c1608edb8340d74ab881e1fc4de/

 - Открыл Каталог товаров
2021-04-16 07:06:50,917 asyncio      DEBUG    Using selector: EpollSelector
2021-04-16 07:06:51,322 asyncio      DEBUG    Using selector: EpollSelector
2021-04-16 07:06:51,454 django.utils.autoreload INFO     Watching for file changes with StatReloader
2021-04-16 07:08:23,818 django.utils.autoreload INFO     /home/fortysixth/development/Djangoproject/fortysixth/aft/views.py changed, reloading.
2021-04-16 07:08:24,319 asyncio      DEBUG    Using selector: EpollSelector
2021-04-16 07:08:24,511 django.utils.autoreload INFO     Watching for file changes with StatReloader
2021-04-16 07:09:19,557 django.utils.autoreload INFO     /home/fortysixth/development/Djangoproject/fortysixth/aft/views.py changed, reloading.
2021-04-16 07:09:20,007 asyncio      DEBUG    Using selector: EpollSelector
2021-04-16 07:09:20,164 django.utils.autoreload INFO     Watching for file changes with StatReloader
2021-04-16 07:09:53,101 root         INFO     Activate Your MySite Account / 
Hi Ge1ohrg,

Please click on the link below to confirm your registration:

http://127.0.0.1:8000/aft/activate/Nw/al6rwh-2cae1cbc0975d6bb76397c60cc3fa9d4/


